Command line invocation:
    /Applications/Xcode.app/Contents/Developer/usr/bin/xcodebuild -project miding.xcodeproj -scheme miding -destination platform=macOS,arch=arm64 build

2026-02-15 18:14:50.015 xcodebuild[50702:7147882] [MT] IDERunDestination: Supported platforms for the buildables in the current scheme is empty.
ComputePackagePrebuildTargetDependencyGraph

Prepare packages

CreateBuildRequest

SendProjectDescription

CreateBuildOperation

ComputeTargetDependencyGraph
note: Building targets in dependency order
note: Target dependency graph (1 target)
    Target 'miding' in project 'miding' (no dependencies)

GatherProvisioningInputs

CreateBuildDescription

ExecuteExternalTool /Applications/Xcode.app/Contents/Developer/usr/bin/actool --version --output-format xml1

ExecuteExternalTool /Applications/Xcode.app/Contents/Developer/Toolchains/XcodeDefault.xctoolchain/usr/bin/clang -v -E -dM -isysroot /Applications/Xcode.app/Contents/Developer/Platforms/MacOSX.platform/Developer/SDKs/MacOSX26.2.sdk -x c -c /dev/null

ExecuteExternalTool /Applications/Xcode.app/Contents/Developer/Toolchains/XcodeDefault.xctoolchain/usr/bin/swiftc --version

ExecuteExternalTool /Applications/Xcode.app/Contents/Developer/Toolchains/XcodeDefault.xctoolchain/usr/bin/ld -version_details

Build description signature: 001cc06279f1cbcba550060f3097887b
Build description path: /Users/shashmit/Library/Developer/Xcode/DerivedData/miding-aycrfkbmoiovooaoziixqvtzmrzq/Build/Intermediates.noindex/XCBuildData/001cc06279f1cbcba550060f3097887b.xcbuilddata
ClangStatCache /Applications/Xcode.app/Contents/Developer/Toolchains/XcodeDefault.xctoolchain/usr/bin/clang-stat-cache /Applications/Xcode.app/Contents/Developer/Platforms/MacOSX.platform/Developer/SDKs/MacOSX26.2.sdk /Users/shashmit/Library/Developer/Xcode/DerivedData/SDKStatCaches.noindex/macosx26.2-25C57-00fa09913b459cbbc988d1f6730289ae.sdkstatcache
    cd /Users/shashmit/Project/miding/miding.xcodeproj
    /Applications/Xcode.app/Contents/Developer/Toolchains/XcodeDefault.xctoolchain/usr/bin/clang-stat-cache /Applications/Xcode.app/Contents/Developer/Platforms/MacOSX.platform/Developer/SDKs/MacOSX26.2.sdk -o /Users/shashmit/Library/Developer/Xcode/DerivedData/SDKStatCaches.noindex/macosx26.2-25C57-00fa09913b459cbbc988d1f6730289ae.sdkstatcache

ProcessProductPackaging "" /Users/shashmit/Library/Developer/Xcode/DerivedData/miding-aycrfkbmoiovooaoziixqvtzmrzq/Build/Intermediates.noindex/miding.build/Debug/miding.build/miding.app.xcent (in target 'miding' from project 'miding')
    cd /Users/shashmit/Project/miding
    
    Entitlements:
    
    {
    "com.apple.security.app-sandbox" = 1;
    "com.apple.security.files.user-selected.read-only" = 1;
    "com.apple.security.get-task-allow" = 1;
}
    
    builtin-productPackagingUtility -entitlements -format xml -o /Users/shashmit/Library/Developer/Xcode/DerivedData/miding-aycrfkbmoiovooaoziixqvtzmrzq/Build/Intermediates.noindex/miding.build/Debug/miding.build/miding.app.xcent

ProcessProductPackagingDER /Users/shashmit/Library/Developer/Xcode/DerivedData/miding-aycrfkbmoiovooaoziixqvtzmrzq/Build/Intermediates.noindex/miding.build/Debug/miding.build/miding.app.xcent /Users/shashmit/Library/Developer/Xcode/DerivedData/miding-aycrfkbmoiovooaoziixqvtzmrzq/Build/Intermediates.noindex/miding.build/Debug/miding.build/miding.app.xcent.der (in target 'miding' from project 'miding')
    cd /Users/shashmit/Project/miding
    /usr/bin/derq query -f xml -i /Users/shashmit/Library/Developer/Xcode/DerivedData/miding-aycrfkbmoiovooaoziixqvtzmrzq/Build/Intermediates.noindex/miding.build/Debug/miding.build/miding.app.xcent -o /Users/shashmit/Library/Developer/Xcode/DerivedData/miding-aycrfkbmoiovooaoziixqvtzmrzq/Build/Intermediates.noindex/miding.build/Debug/miding.build/miding.app.xcent.der --raw

ProcessInfoPlistFile /Users/shashmit/Library/Developer/Xcode/DerivedData/miding-aycrfkbmoiovooaoziixqvtzmrzq/Build/Products/Debug/miding.app/Contents/Info.plist /Users/shashmit/Library/Developer/Xcode/DerivedData/miding-aycrfkbmoiovooaoziixqvtzmrzq/Build/Intermediates.noindex/miding.build/Debug/miding.build/empty-miding.plist (in target 'miding' from project 'miding')
    cd /Users/shashmit/Project/miding
    builtin-infoPlistUtility /Users/shashmit/Library/Developer/Xcode/DerivedData/miding-aycrfkbmoiovooaoziixqvtzmrzq/Build/Intermediates.noindex/miding.build/Debug/miding.build/empty-miding.plist -producttype com.apple.product-type.application -genpkginfo /Users/shashmit/Library/Developer/Xcode/DerivedData/miding-aycrfkbmoiovooaoziixqvtzmrzq/Build/Products/Debug/miding.app/Contents/PkgInfo -expandbuildsettings -platform macosx -additionalcontentfile /Users/shashmit/Library/Developer/Xcode/DerivedData/miding-aycrfkbmoiovooaoziixqvtzmrzq/Build/Intermediates.noindex/miding.build/Debug/miding.build/assetcatalog_generated_info.plist -o /Users/shashmit/Library/Developer/Xcode/DerivedData/miding-aycrfkbmoiovooaoziixqvtzmrzq/Build/Products/Debug/miding.app/Contents/Info.plist

SwiftDriver miding normal arm64 com.apple.xcode.tools.swift.compiler (in target 'miding' from project 'miding')
    cd /Users/shashmit/Project/miding
    builtin-SwiftDriver -- /Applications/Xcode.app/Contents/Developer/Toolchains/XcodeDefault.xctoolchain/usr/bin/swiftc -module-name miding -Onone -enforce-exclusivity\=checked @/Users/shashmit/Library/Developer/Xcode/DerivedData/miding-aycrfkbmoiovooaoziixqvtzmrzq/Build/Intermediates.noindex/miding.build/Debug/miding.build/Objects-normal/arm64/miding.SwiftFileList -DDEBUG -default-isolation\=MainActor -enable-bare-slash-regex -enable-upcoming-feature DisableOutwardActorInference -enable-upcoming-feature InferSendableFromCaptures -enable-upcoming-feature GlobalActorIsolatedTypesUsability -enable-upcoming-feature MemberImportVisibility -enable-upcoming-feature InferIsolatedConformances -enable-upcoming-feature NonisolatedNonsendingByDefault -enable-experimental-feature DebugDescriptionMacro -sdk /Applications/Xcode.app/Contents/Developer/Platforms/MacOSX.platform/Developer/SDKs/MacOSX26.2.sdk -target arm64-apple-macos26.2 -g -module-cache-path /Users/shashmit/Library/Developer/Xcode/DerivedData/ModuleCache.noindex -Xfrontend -serialize-debugging-options -enable-testing -index-store-path /Users/shashmit/Library/Developer/Xcode/DerivedData/miding-aycrfkbmoiovooaoziixqvtzmrzq/Index.noindex/DataStore -Xcc -D_LIBCPP_HARDENING_MODE\=_LIBCPP_HARDENING_MODE_DEBUG -swift-version 5 -I /Users/shashmit/Library/Developer/Xcode/DerivedData/miding-aycrfkbmoiovooaoziixqvtzmrzq/Build/Products/Debug -F /Users/shashmit/Library/Developer/Xcode/DerivedData/miding-aycrfkbmoiovooaoziixqvtzmrzq/Build/Products/Debug -emit-localized-strings -emit-localized-strings-path /Users/shashmit/Library/Developer/Xcode/DerivedData/miding-aycrfkbmoiovooaoziixqvtzmrzq/Build/Intermediates.noindex/miding.build/Debug/miding.build/Objects-normal/arm64 -c -j10 -enable-batch-mode -incremental -Xcc -ivfsstatcache -Xcc /Users/shashmit/Library/Developer/Xcode/DerivedData/SDKStatCaches.noindex/macosx26.2-25C57-00fa09913b459cbbc988d1f6730289ae.sdkstatcache -output-file-map /Users/shashmit/Library/Developer/Xcode/DerivedData/miding-aycrfkbmoiovooaoziixqvtzmrzq/Build/Intermediates.noindex/miding.build/Debug/miding.build/Objects-normal/arm64/miding-OutputFileMap.json -use-frontend-parseable-output -save-temps -no-color-diagnostics -explicit-module-build -module-cache-path /Users/shashmit/Library/Developer/Xcode/DerivedData/miding-aycrfkbmoiovooaoziixqvtzmrzq/Build/Intermediates.noindex/SwiftExplicitPrecompiledModules -clang-scanner-module-cache-path /Users/shashmit/Library/Developer/Xcode/DerivedData/ModuleCache.noindex -sdk-module-cache-path /Users/shashmit/Library/Developer/Xcode/DerivedData/ModuleCache.noindex -serialize-diagnostics -emit-dependencies -emit-module -emit-module-path /Users/shashmit/Library/Developer/Xcode/DerivedData/miding-aycrfkbmoiovooaoziixqvtzmrzq/Build/Intermediates.noindex/miding.build/Debug/miding.build/Objects-normal/arm64/miding.swiftmodule -validate-clang-modules-once -clang-build-session-file /Users/shashmit/Library/Developer/Xcode/DerivedData/ModuleCache.noindex/Session.modulevalidation -Xcc -I/Users/shashmit/Library/Developer/Xcode/DerivedData/miding-aycrfkbmoiovooaoziixqvtzmrzq/Build/Intermediates.noindex/miding.build/Debug/miding.build/swift-overrides.hmap -emit-const-values -Xfrontend -const-gather-protocols-file -Xfrontend /Users/shashmit/Library/Developer/Xcode/DerivedData/miding-aycrfkbmoiovooaoziixqvtzmrzq/Build/Intermediates.noindex/miding.build/Debug/miding.build/Objects-normal/arm64/miding_const_extract_protocols.json -Xcc -iquote -Xcc /Users/shashmit/Library/Developer/Xcode/DerivedData/miding-aycrfkbmoiovooaoziixqvtzmrzq/Build/Intermediates.noindex/miding.build/Debug/miding.build/miding-generated-files.hmap -Xcc -I/Users/shashmit/Library/Developer/Xcode/DerivedData/miding-aycrfkbmoiovooaoziixqvtzmrzq/Build/Intermediates.noindex/miding.build/Debug/miding.build/miding-own-target-headers.hmap -Xcc -I/Users/shashmit/Library/Developer/Xcode/DerivedData/miding-aycrfkbmoiovooaoziixqvtzmrzq/Build/Intermediates.noindex/miding.build/Debug/miding.build/miding-all-target-headers.hmap -Xcc -iquote -Xcc /Users/shashmit/Library/Developer/Xcode/DerivedData/miding-aycrfkbmoiovooaoziixqvtzmrzq/Build/Intermediates.noindex/miding.build/Debug/miding.build/miding-project-headers.hmap -Xcc -I/Users/shashmit/Library/Developer/Xcode/DerivedData/miding-aycrfkbmoiovooaoziixqvtzmrzq/Build/Products/Debug/include -Xcc -I/Users/shashmit/Library/Developer/Xcode/DerivedData/miding-aycrfkbmoiovooaoziixqvtzmrzq/Build/Intermediates.noindex/miding.build/Debug/miding.build/DerivedSources-normal/arm64 -Xcc -I/Users/shashmit/Library/Developer/Xcode/DerivedData/miding-aycrfkbmoiovooaoziixqvtzmrzq/Build/Intermediates.noindex/miding.build/Debug/miding.build/DerivedSources/arm64 -Xcc -I/Users/shashmit/Library/Developer/Xcode/DerivedData/miding-aycrfkbmoiovooaoziixqvtzmrzq/Build/Intermediates.noindex/miding.build/Debug/miding.build/DerivedSources -Xcc -DDEBUG\=1 -emit-objc-header -emit-objc-header-path /Users/shashmit/Library/Developer/Xcode/DerivedData/miding-aycrfkbmoiovooaoziixqvtzmrzq/Build/Intermediates.noindex/miding.build/Debug/miding.build/Objects-normal/arm64/miding-Swift.h -working-directory /Users/shashmit/Project/miding -experimental-emit-module-separately -disable-cmo

SwiftEmitModule normal arm64 Emitting\ module\ for\ miding (in target 'miding' from project 'miding')

EmitSwiftModule normal arm64 (in target 'miding' from project 'miding')
    cd /Users/shashmit/Project/miding
    

SwiftCompile normal arm64 Compiling\ ContentView.swift /Users/shashmit/Project/miding/miding/ContentView.swift (in target 'miding' from project 'miding')
SwiftCompile normal arm64 /Users/shashmit/Project/miding/miding/ContentView.swift (in target 'miding' from project 'miding')
    cd /Users/shashmit/Project/miding
    
/Users/shashmit/Project/miding/miding/ContentView.swift:83:35: error: cannot find 'ErrorWrapper' in scope
            vm.errorMessage.map { ErrorWrapper(message: $0) }
                                  ^~~~~~~~~~~~
/Users/shashmit/Project/miding/miding/ContentView.swift:23:25: error: the compiler is unable to type-check this expression in reasonable time; try breaking up the expression into distinct sub-expressions
    var body: some View {
                        ^
/Users/shashmit/Project/miding/miding/ContentView.swift:227:14: warning: literal value is already handled by previous pattern; consider removing it
        case "History":
             ^~~~~~~~~
/Users/shashmit/Project/miding/miding/ContentView.swift:225:14: note: first occurrence of identical literal pattern is here
        case "History":
             ^~~~~~~~~
/Users/shashmit/Project/miding/miding/ContentView.swift:247:21: error: cannot find 'NoteRow' in scope
                    NoteRow(note: note)
                    ^~~~~~~
/Users/shashmit/Project/miding/miding/ContentView.swift:316:29: error: cannot find 'StatusTab' in scope
                            StatusTab(label: "All", count: allTickets.count, isSelected: ticketFilter == "all", color: .primary) {
                            ^~~~~~~~~
/Users/shashmit/Project/miding/miding/ContentView.swift:319:29: error: cannot find 'StatusTab' in scope
                            StatusTab(label: "Open", count: statusCounts["open"] ?? 0, isSelected: ticketFilter == "open", color: .blue) {
                            ^~~~~~~~~
/Users/shashmit/Project/miding/miding/ContentView.swift:322:29: error: cannot find 'StatusTab' in scope
                            StatusTab(label: "In Progress", count: statusCounts["in-progress"] ?? 0, isSelected: ticketFilter == "in-progress", color: .orange) {
                            ^~~~~~~~~
/Users/shashmit/Project/miding/miding/ContentView.swift:325:29: error: cannot find 'StatusTab' in scope
                            StatusTab(label: "Blocked", count: statusCounts["blocked"] ?? 0, isSelected: ticketFilter == "blocked", color: .red) {
                            ^~~~~~~~~
/Users/shashmit/Project/miding/miding/ContentView.swift:328:29: error: cannot find 'StatusTab' in scope
                            StatusTab(label: "Closed", count: statusCounts["closed"] ?? 0, isSelected: ticketFilter == "closed", color: .green) {
                            ^~~~~~~~~
/Users/shashmit/Project/miding/miding/ContentView.swift:316:121: error: cannot infer contextual base in reference to member 'primary'
                            StatusTab(label: "All", count: allTickets.count, isSelected: ticketFilter == "all", color: .primary) {
                                                                                                                       ~^~~~~~~
/Users/shashmit/Project/miding/miding/ContentView.swift:483:21: error: cannot find 'StatusTab' in scope
                    StatusTab(label: "All", count: all.count, isSelected: taskFilter == "all", color: .primary) {
                    ^~~~~~~~~
/Users/shashmit/Project/miding/miding/ContentView.swift:486:21: error: cannot find 'StatusTab' in scope
                    StatusTab(label: "Pending", count: pendingCount, isSelected: taskFilter == "pending", color: .orange) {
                    ^~~~~~~~~
/Users/shashmit/Project/miding/miding/ContentView.swift:489:21: error: cannot find 'StatusTab' in scope
                    StatusTab(label: "Done", count: doneCount, isSelected: taskFilter == "done", color: .green) {
                    ^~~~~~~~~
/Users/shashmit/Project/miding/miding/ContentView.swift:483:104: error: cannot infer contextual base in reference to member 'primary'
                    StatusTab(label: "All", count: all.count, isSelected: taskFilter == "all", color: .primary) {
                                                                                                      ~^~~~~~~
/Users/shashmit/Project/miding/miding/ContentView.swift:730:21: error: cannot find 'editorTopBar' in scope
                    editorTopBar(note: note)
                    ^~~~~~~~~~~~
/Users/shashmit/Project/miding/miding/ContentView.swift:745:29: error: cannot find 'noteMetadataBar' in scope
                            noteMetadataBar(note: note)
                            ^~~~~~~~~~~~~~~

Failed frontend command:
/Applications/Xcode.app/Contents/Developer/Toolchains/XcodeDefault.xctoolchain/usr/bin/swift-frontend -frontend -c /Users/shashmit/Project/miding/miding/ActivityHeatmapView.swift /Users/shashmit/Project/miding/miding/CalendarView.swift /Users/shashmit/Project/miding/miding/CategoryBarChart.swift -primary-file /Users/shashmit/Project/miding/miding/ContentView.swift /Users/shashmit/Project/miding/miding/DashboardView.swift /Users/shashmit/Project/miding/miding/DynamicGradientView.swift /Users/shashmit/Project/miding/miding/EditorToolbar.swift /Users/shashmit/Project/miding/miding/GitService.swift /Users/shashmit/Project/miding/miding/HistoryView.swift /Users/shashmit/Project/miding/miding/JournalViewModel.swift /Users/shashmit/Project/miding/miding/MarkdownParser.swift /Users/shashmit/Project/miding/miding/midingApp.swift /Users/shashmit/Project/miding/miding/Models.swift /Users/shashmit/Project/miding/miding/PriorityPieChart.swift /Users/shashmit/Project/miding/miding/RecentActivityWidget.swift /Users/shashmit/Project/miding/miding/StatisticsViewModel.swift /Users/shashmit/Project/miding/miding/TagCloudView.swift /Users/shashmit/Project/miding/miding/TaskTimelineView.swift /Users/shashmit/Project/miding/miding/TicketBoardView.swift /Users/shashmit/Project/miding/miding/TicketDetailView.swift /Users/shashmit/Project/miding/miding/UUID+Deterministic.swift /Users/shashmit/Library/Developer/Xcode/DerivedData/miding-aycrfkbmoiovooaoziixqvtzmrzq/Build/Intermediates.noindex/miding.build/Debug/miding.build/DerivedSources/GeneratedAssetSymbols.swift -emit-dependencies-path /Users/shashmit/Library/Developer/Xcode/DerivedData/miding-aycrfkbmoiovooaoziixqvtzmrzq/Build/Intermediates.noindex/miding.build/Debug/miding.build/Objects-normal/arm64/ContentView.d -emit-const-values-path /Users/shashmit/Library/Developer/Xcode/DerivedData/miding-aycrfkbmoiovooaoziixqvtzmrzq/Build/Intermediates.noindex/miding.build/Debug/miding.build/Objects-normal/arm64/ContentView.swiftconstvalues -emit-reference-dependencies-path /Users/shashmit/Library/Developer/Xcode/DerivedData/miding-aycrfkbmoiovooaoziixqvtzmrzq/Build/Intermediates.noindex/miding.build/Debug/miding.build/Objects-normal/arm64/ContentView.swiftdeps -serialize-diagnostics-path /Users/shashmit/Library/Developer/Xcode/DerivedData/miding-aycrfkbmoiovooaoziixqvtzmrzq/Build/Intermediates.noindex/miding.build/Debug/miding.build/Objects-normal/arm64/ContentView.dia -emit-localized-strings -emit-localized-strings-path /Users/shashmit/Library/Developer/Xcode/DerivedData/miding-aycrfkbmoiovooaoziixqvtzmrzq/Build/Intermediates.noindex/miding.build/Debug/miding.build/Objects-normal/arm64 -target arm64-apple-macos26.2 -module-can-import-version AppKit 2685.30.107 2685.30.107 -module-can-import-version DeveloperToolsSupport 23.0.4 23.0.4 -module-can-import-version SwiftUI 7.2.5.1 7.2.5 -load-resolved-plugin /Applications/Xcode.app/Contents/Developer/Platforms/MacOSX.platform/Developer/usr/lib/swift/host/plugins/libFoundationMacros.dylib\#/Applications/Xcode.app/Contents/Developer/Platforms/MacOSX.platform/Developer/usr/bin/swift-plugin-server\#FoundationMacros -load-resolved-plugin /Applications/Xcode.app/Contents/Developer/Platforms/MacOSX.platform/Developer/usr/lib/swift/host/plugins/libObservationMacros.dylib\#/Applications/Xcode.app/Contents/Developer/Platforms/MacOSX.platform/Developer/usr/bin/swift-plugin-server\#ObservationMacros -load-resolved-plugin /Applications/Xcode.app/Contents/Developer/Platforms/MacOSX.platform/Developer/usr/lib/swift/host/plugins/libPreviewsMacros.dylib\#/Applications/Xcode.app/Contents/Developer/Platforms/MacOSX.platform/Developer/usr/bin/swift-plugin-server\#PreviewsMacros -load-resolved-plugin /Applications/Xcode.app/Contents/Developer/Platforms/MacOSX.platform/Developer/usr/lib/swift/host/plugins/libSwiftMacros.dylib\#/Applications/Xcode.app/Contents/Developer/Platforms/MacOSX.platform/Developer/usr/bin/swift-plugin-server\#SwiftMacros -load-resolved-plugin /Applications/Xcode.app/Contents/Developer/Platforms/MacOSX.platform/Developer/usr/lib/swift/host/plugins/libSwiftUIMacros.dylib\#/Applications/Xcode.app/Contents/Developer/Platforms/MacOSX.platform/Developer/usr/bin/swift-plugin-server\#SwiftUIMacros -disable-implicit-swift-modules -Xcc -fno-implicit-modules -Xcc -fno-implicit-module-maps -explicit-swift-module-map-file /Users/shashmit/Library/Developer/Xcode/DerivedData/miding-aycrfkbmoiovooaoziixqvtzmrzq/Build/Intermediates.noindex/miding.build/Debug/miding.build/Objects-normal/arm64/miding-dependencies-1.json -Xllvm -aarch64-use-tbi -enable-objc-interop -stack-check -sdk /Applications/Xcode.app/Contents/Developer/Platforms/MacOSX.platform/Developer/SDKs/MacOSX26.2.sdk -I /Users/shashmit/Library/Developer/Xcode/DerivedData/miding-aycrfkbmoiovooaoziixqvtzmrzq/Build/Products/Debug -F /Users/shashmit/Library/Developer/Xcode/DerivedData/miding-aycrfkbmoiovooaoziixqvtzmrzq/Build/Products/Debug -no-color-diagnostics -Xcc -fno-color-diagnostics -enable-testing -g -debug-info-format\=dwarf -dwarf-version\=5 -module-cache-path /Users/shashmit/Library/Developer/Xcode/DerivedData/miding-aycrfkbmoiovooaoziixqvtzmrzq/Build/Intermediates.noindex/SwiftExplicitPrecompiledModules -swift-version 5 -enforce-exclusivity\=checked -Onone -D DEBUG -serialize-debugging-options -const-gather-protocols-file /Users/shashmit/Library/Developer/Xcode/DerivedData/miding-aycrfkbmoiovooaoziixqvtzmrzq/Build/Intermediates.noindex/miding.build/Debug/miding.build/Objects-normal/arm64/miding_const_extract_protocols.json -enable-upcoming-feature DisableOutwardActorInference -enable-upcoming-feature InferSendableFromCaptures -enable-upcoming-feature GlobalActorIsolatedTypesUsability -enable-upcoming-feature MemberImportVisibility -enable-upcoming-feature InferIsolatedConformances -enable-upcoming-feature NonisolatedNonsendingByDefault -enable-experimental-feature DebugDescriptionMacro -enable-bare-slash-regex -default-isolation\=MainActor -empty-abi-descriptor -validate-clang-modules-once -clang-build-session-file /Users/shashmit/Library/Developer/Xcode/DerivedData/ModuleCache.noindex/Session.modulevalidation -Xcc -working-directory -Xcc /Users/shashmit/Project/miding -enable-anonymous-context-mangled-names -file-compilation-dir /Users/shashmit/Project/miding -Xcc -D_LIBCPP_HARDENING_MODE\=_LIBCPP_HARDENING_MODE_DEBUG -Xcc -ivfsstatcache -Xcc /Users/shashmit/Library/Developer/Xcode/DerivedData/SDKStatCaches.noindex/macosx26.2-25C57-00fa09913b459cbbc988d1f6730289ae.sdkstatcache -Xcc -I/Users/shashmit/Library/Developer/Xcode/DerivedData/miding-aycrfkbmoiovooaoziixqvtzmrzq/Build/Intermediates.noindex/miding.build/Debug/miding.build/swift-overrides.hmap -Xcc -iquote -Xcc /Users/shashmit/Library/Developer/Xcode/DerivedData/miding-aycrfkbmoiovooaoziixqvtzmrzq/Build/Intermediates.noindex/miding.build/Debug/miding.build/miding-generated-files.hmap -Xcc -I/Users/shashmit/Library/Developer/Xcode/DerivedData/miding-aycrfkbmoiovooaoziixqvtzmrzq/Build/Intermediates.noindex/miding.build/Debug/miding.build/miding-own-target-headers.hmap -Xcc -I/Users/shashmit/Library/Developer/Xcode/DerivedData/miding-aycrfkbmoiovooaoziixqvtzmrzq/Build/Intermediates.noindex/miding.build/Debug/miding.build/miding-all-target-headers.hmap -Xcc -iquote -Xcc /Users/shashmit/Library/Developer/Xcode/DerivedData/miding-aycrfkbmoiovooaoziixqvtzmrzq/Build/Intermediates.noindex/miding.build/Debug/miding.build/miding-project-headers.hmap -Xcc -I/Users/shashmit/Library/Developer/Xcode/DerivedData/miding-aycrfkbmoiovooaoziixqvtzmrzq/Build/Products/Debug/include -Xcc -I/Users/shashmit/Library/Developer/Xcode/DerivedData/miding-aycrfkbmoiovooaoziixqvtzmrzq/Build/Intermediates.noindex/miding.build/Debug/miding.build/DerivedSources-normal/arm64 -Xcc -I/Users/shashmit/Library/Developer/Xcode/DerivedData/miding-aycrfkbmoiovooaoziixqvtzmrzq/Build/Intermediates.noindex/miding.build/Debug/miding.build/DerivedSources/arm64 -Xcc -I/Users/shashmit/Library/Developer/Xcode/DerivedData/miding-aycrfkbmoiovooaoziixqvtzmrzq/Build/Intermediates.noindex/miding.build/Debug/miding.build/DerivedSources -Xcc -DDEBUG\=1 -no-auto-bridging-header-chaining -module-name miding -frontend-parseable-output -disable-clang-spi -target-sdk-version 26.2 -target-sdk-name macosx26.2 -clang-target arm64-apple-macos26.2 -in-process-plugin-server-path /Applications/Xcode.app/Contents/Developer/Toolchains/XcodeDefault.xctoolchain/usr/lib/swift/host/libSwiftInProcPluginServer.dylib -o /Users/shashmit/Library/Developer/Xcode/DerivedData/miding-aycrfkbmoiovooaoziixqvtzmrzq/Build/Intermediates.noindex/miding.build/Debug/miding.build/Objects-normal/arm64/ContentView.o -index-unit-output-path /miding.build/Debug/miding.build/Objects-normal/arm64/ContentView.o -index-store-path /Users/shashmit/Library/Developer/Xcode/DerivedData/miding-aycrfkbmoiovooaoziixqvtzmrzq/Index.noindex/DataStore -index-system-modules
** BUILD FAILED **


The following build commands failed:
	SwiftCompile normal arm64 /Users/shashmit/Project/miding/miding/ContentView.swift (in target 'miding' from project 'miding')
	SwiftCompile normal arm64 Compiling\ ContentView.swift /Users/shashmit/Project/miding/miding/ContentView.swift (in target 'miding' from project 'miding')
	Building project miding with scheme miding
(3 failures)
